<?xml version="1.0" encoding="UTF-8"?>
<!-- Generated by org.testng.reporters.JUnitReportReporter -->
<testsuite hostname="Dotpes-MacBook-Pro.local" failures="0" tests="1" name="Mobile_Browser_TC_01" time="8.793" errors="0" timestamp="2022-10-07T17:18:48 IST" skipped="0">
  <testcase classname="Mobile_Browser_TC_01" name="Browser_TC01" time="8.793"/>
  <system-out/>
</testsuite> <!-- Mobile_Browser_TC_01 -->
