<?xml version="1.0" encoding="UTF-8"?>
<!-- Generated by org.testng.reporters.JUnitReportReporter -->
<testsuite hostname="Dotpes-MacBook-Pro.local" failures="0" tests="1" name="Mobile_Browser" time="9.463" errors="0" timestamp="2022-10-04T17:58:57 IST" skipped="0">
  <testcase classname="Mobile_Browser" name="Mobile_Google_Chrome_Base_File" time="9.463"/>
  <system-out/>
</testsuite> <!-- Mobile_Browser -->
